mobileapp/android/app/build/outputs/mapping/release/seeds.txt
com.example.mobileapp.MainActivity
com.example.mobileapp.MainActivity: MainActivity()
...
com.google.android.gms.internal.mlkit_vision_barcode_bundled.zzs: com.google.android.gms.internal.mlkit_vision_barcode_bundled.zzs zzlb
com.google.android.gms.internal.mlkit_vision_barcode_bundled.zzs: com.google.android.gms.internal.mlkit_vision_barcode_bundled.zzs zzgd
com.google.android.gms.internal.mlkit_vision_barcode_bundled.zzjx: com.google.android.gms.internal.mlkit_vision_barcode_bundled.zzjc zzn
com.google.android.gms.internal.mlkit_vision_barcode_bundled.zzs: com.google.android.gms.internal.mlkit_vision_barcode_bundled.zzs zzhn
com.google.android.gms.internal.mlkit_vision_barcode_bundled.zzat: android.os.Parcelable$Creator CREATOR
io.flutter.embedding.engine.FlutterJNI: io.flutter.plugin.platform.PlatformViewsController platformViewsController
com.google.android.gms.internal.mlkit_vision_barcode_bundled.zzs: com.google.android.gms.internal.mlkit_vision_barcode_bundled.zzs zzgt
androidx.datastore.preferences.protobuf.FieldType: androidx.datastore.preferences.protobuf.FieldType INT32_LIST_PACKED
com.google.android.gms.internal.mlkit_vision_barcode_bundled.zzs: com.google.android.gms.internal.mlkit_vision_barcode_bundled.zzs zzO
com.google.photos.vision.barhopper.zzt: java.lang.String zzp
kotlinx.coroutines.CoroutineStart: kotlinx.coroutines.CoroutineStart LAZY
com.google.android.gms.internal.mlkit_vision_barcode_bundled.zzao: android.os.Parcelable$Creator CREATOR
com.google.android.gms.internal.mlkit_vision_barcode_bundled.zzs: com.google.android.gms.internal.mlkit_vision_barcode_bundled.zzs zzkQ
com.google.android.gms.internal.mlkit_vision_barcode_bundled.zzjn: com.google.android.gms.internal.mlkit_vision_barcode_bundled.zzjn zza
io.flutter.embedding.engine.renderer.FlutterRenderer$ImageReaderSurfaceProducer: long lastQueueTime
com.google.android.gms.internal.mlkit_vision_barcode_bundled.zzci: int zzd
com.google.android.gms.internal.mlkit_vision_barcode_bundled.zzs: com.google.android.gms.internal.mlkit_vision_barcode_bundled.zzs zzbd
io.flutter.plugins.GeneratedPluginRegistrant: java.lang.String TAG
com.google.android.gms.internal.mlkit_vision_barcode_bundled.zzam: com.google.android.gms.internal.mlkit_vision_barcode_bundled.zzam zza
com.google.android.gms.internal.mlkit_vision_barcode.zzpk: com.google.android.gms.internal.mlkit_vision_barcode.zzpk zzu
com.google.android.gms.internal.mlkit_vision_common.zziv: com.google.android.gms.internal.mlkit_vision_common.zziv zzby
com.google.android.gms.internal.mlkit_vision_barcode_bundled.zzhp: com.google.android.gms.internal.mlkit_vision_barcode_bundled.zzhp zzd
com.google.android.gms.internal.mlkit_vision_barcode.zzpk: com.google.android.gms.internal.mlkit_vision_barcode.zzpk zzbC
com.google.android.datatransport.cct.internal.NetworkConnectionInfo$NetworkType: com.google.android.datatransport.cct.internal.NetworkConnectionInfo$NetworkType VPN
com.google.android.gms.internal.mlkit_vision_barcode_bundled.zzs: com.google.android.gms.internal.mlkit_vision_barcode_bundled.zzs zzhD
com.google.android.gms.internal.mlkit_vision_barcode_bundled.zzs: com.google.android.gms.internal.mlkit_vision_barcode_bundled.zzs zzfo
com.google.photos.vision.barhopper.zzc: int zzd
com.google.android.gms.internal.mlkit_vision_barcode_bundled.zzs: com.google.android.gms.internal.mlkit_vision_barcode_bundled.zzs zzV
com.google.android.gms.internal.mlkit_vision_barcode_bundled.zzs: com.google.android.gms.internal.mlkit_vision_barcode_bundled.zzs zzly
io.flutter.embedding.engine.systemchannels.TextInputChannel$TextInputType: java.lang.String encodedName
io.flutter.embedding.engine.systemchannels.TextInputChannel$TextCapitalization: io.flutter.embedding.engine.systemchannels.TextInputChannel$TextCapitalization WORDS
io.flutter.embedding.engine.renderer.SurfaceTextureWrapper: java.lang.Runnable onFrameConsumed
com.google.android.libraries.barhopper.RecognitionOptions: int LOCAL_BLOCK
com.google.android.libraries.barhopper.RecognitionOptions: int NIBLACK_W64_K02